{
  "RSpec": {
    "coverage": {
      "/home/chic-page-6502/tic-tac-toe-rb-online-web-sp-000/lib/tic_tac_toe.rb": [
        null,
        1,
        null,
        null,
        null,
        null,
        null,
        null,
        null,
        null,
        null,
        1,
        16,
        16,
        16,
        16,
        16,
        null,
        null,
        1,
        16,
        null,
        null,
        1,
        16,
        null,
        null,
        1,
        16,
        null,
        null,
        1,
        16,
        null,
        null,
        1,
        16,
        16,
        16,
        16,
        16,
        16,
        null,
        0,
        null,
        null,
        null,
        1,
        16,
        16,
        144,
        25,
        null,
        null,
        16,
        null,
        null,
        1,
        16,
        11,
        null,
        5,
        null,
        null,
        null,
        1,
        32,
        237,
        237,
        711,
        null,
        237,
        null,
        null,
        null,
        1,
        24,
        94,
        null,
        null,
        null,
        1,
        24,
        2,
        null,
        22,
        null,
        null,
        null,
        1,
        17,
        8,
        null,
        9,
        null,
        null,
        null,
        1,
        0,
        0,
        null,
        null,
        null,
        1,
        12,
        16,
        16,
        1,
        15,
        0,
        null,
        null,
        null,
        null
      ]
    },
    "timestamp": 1562870998
  }
}
